actionid: lint
msg: installpkg
cmdargs: '/home/simon/PROJECTS/pybda/.tox/lint/bin/python -m pip install --exists-action w /home/simon/PROJECTS/pybda/.tox/.tmp/package/1/pybda-0.0.3.zip'

Processing ./.tox/.tmp/package/1/pybda-0.0.3.zip
Collecting click>=6.7 (from pybda==0.0.3)
  Using cached https://files.pythonhosted.org/packages/fa/37/45185cb5abbc30d7257104c434fe0b07e5a195a6847506c074527aa599ec/Click-7.0-py2.py3-none-any.whl
Collecting joypy>=0.1.9 (from pybda==0.0.3)
  Using cached https://files.pythonhosted.org/packages/0b/66/422f6a22c90033aff17a5357b0852ca6854e6deadfa516648f0ad72f200f/joypy-0.1.10-py2.py3-none-any.whl
Collecting matplotlib>=2.2.3 (from pybda==0.0.3)
  Using cached https://files.pythonhosted.org/packages/71/07/16d781df15be30df4acfd536c479268f1208b2dfbc91e9ca5d92c9caf673/matplotlib-3.0.2-cp36-cp36m-manylinux1_x86_64.whl
Collecting numpy>=1.15.0 (from pybda==0.0.3)
  Using cached https://files.pythonhosted.org/packages/f5/bf/4981bcbee43934f0adb8f764a1e70ab0ee5a448f6505bd04a87a2fda2a8b/numpy-1.16.1-cp36-cp36m-manylinux1_x86_64.whl
Collecting pandas>=0.23.3 (from pybda==0.0.3)
  Using cached https://files.pythonhosted.org/packages/e6/de/a0d3defd8f338eaf53ef716e40ef6d6c277c35d50e09b586e170169cdf0d/pandas-0.24.1-cp36-cp36m-manylinux1_x86_64.whl
Collecting pyspark==2.4.0 (from pybda==0.0.3)
Collecting scipy>=1.0.0 (from pybda==0.0.3)
  Using cached https://files.pythonhosted.org/packages/7f/5f/c48860704092933bf1c4c1574a8de1ffd16bf4fde8bab190d747598844b2/scipy-1.2.1-cp36-cp36m-manylinux1_x86_64.whl
Collecting seaborn>=0.9.0 (from pybda==0.0.3)
  Using cached https://files.pythonhosted.org/packages/a8/76/220ba4420459d9c4c9c9587c6ce607bf56c25b3d3d2de62056efe482dadc/seaborn-0.9.0-py3-none-any.whl
Collecting snakemake>=5.2.2 (from pybda==0.0.3)
Collecting sparkhpc>=0.3.post4 (from pybda==0.0.3)
Collecting uuid>=1.3.0 (from pybda==0.0.3)
Collecting python-dateutil>=2.1 (from matplotlib>=2.2.3->pybda==0.0.3)
  Using cached https://files.pythonhosted.org/packages/41/17/c62faccbfbd163c7f57f3844689e3a78bae1f403648a6afb1d0866d87fbb/python_dateutil-2.8.0-py2.py3-none-any.whl
Collecting kiwisolver>=1.0.1 (from matplotlib>=2.2.3->pybda==0.0.3)
  Using cached https://files.pythonhosted.org/packages/69/a7/88719d132b18300b4369fbffa741841cfd36d1e637e1990f27929945b538/kiwisolver-1.0.1-cp36-cp36m-manylinux1_x86_64.whl
Collecting pyparsing!=2.0.4,!=2.1.2,!=2.1.6,>=2.0.1 (from matplotlib>=2.2.3->pybda==0.0.3)
  Using cached https://files.pythonhosted.org/packages/de/0a/001be530836743d8be6c2d85069f46fecf84ac6c18c7f5fb8125ee11d854/pyparsing-2.3.1-py2.py3-none-any.whl
Collecting cycler>=0.10 (from matplotlib>=2.2.3->pybda==0.0.3)
  Using cached https://files.pythonhosted.org/packages/f7/d2/e07d3ebb2bd7af696440ce7e754c59dd546ffe1bbe732c8ab68b9c834e61/cycler-0.10.0-py2.py3-none-any.whl
Collecting pytz>=2011k (from pandas>=0.23.3->pybda==0.0.3)
  Using cached https://files.pythonhosted.org/packages/61/28/1d3920e4d1d50b19bc5d24398a7cd85cc7b9a75a490570d5a30c57622d34/pytz-2018.9-py2.py3-none-any.whl
Collecting py4j==0.10.7 (from pyspark==2.4.0->pybda==0.0.3)
  Using cached https://files.pythonhosted.org/packages/e3/53/c737818eb9a7dc32a7cd4f1396e787bd94200c3997c72c1dbe028587bd76/py4j-0.10.7-py2.py3-none-any.whl
Collecting pyyaml (from snakemake>=5.2.2->pybda==0.0.3)
Collecting configargparse (from snakemake>=5.2.2->pybda==0.0.3)
Collecting appdirs (from snakemake>=5.2.2->pybda==0.0.3)
  Using cached https://files.pythonhosted.org/packages/56/eb/810e700ed1349edde4cbdc1b2a21e28cdf115f9faf263f6bbf8447c1abf3/appdirs-1.4.3-py2.py3-none-any.whl
Collecting datrie (from snakemake>=5.2.2->pybda==0.0.3)
Collecting gitpython (from snakemake>=5.2.2->pybda==0.0.3)
  Using cached https://files.pythonhosted.org/packages/fe/e5/fafe827507644c32d6dc553a1c435cdf882e0c28918a5bab29f7fbebfb70/GitPython-2.1.11-py2.py3-none-any.whl
Requirement already satisfied: wrapt in ./.tox/lint/lib/python3.6/site-packages (from snakemake>=5.2.2->pybda==0.0.3) (1.11.1)
Collecting ratelimiter (from snakemake>=5.2.2->pybda==0.0.3)
  Using cached https://files.pythonhosted.org/packages/51/80/2164fa1e863ad52cc8d870855fba0fbb51edd943edffd516d54b5f6f8ff8/ratelimiter-1.2.0.post0-py3-none-any.whl
Collecting requests (from snakemake>=5.2.2->pybda==0.0.3)
  Using cached https://files.pythonhosted.org/packages/7d/e3/20f3d364d6c8e5d2353c72a67778eb189176f08e873c9900e10c0287b84b/requests-2.21.0-py2.py3-none-any.whl
Collecting jsonschema (from snakemake>=5.2.2->pybda==0.0.3)
  Using cached https://files.pythonhosted.org/packages/77/de/47e35a97b2b05c2fadbec67d44cfcdcd09b8086951b331d82de90d2912da/jsonschema-2.6.0-py2.py3-none-any.whl
Collecting docutils (from snakemake>=5.2.2->pybda==0.0.3)
  Using cached https://files.pythonhosted.org/packages/36/fa/08e9e6e0e3cbd1d362c3bbee8d01d0aedb2155c4ac112b19ef3cae8eed8d/docutils-0.14-py3-none-any.whl
Collecting findspark (from sparkhpc>=0.3.post4->pybda==0.0.3)
  Using cached https://files.pythonhosted.org/packages/b1/c8/e6e1f6a303ae5122dc28d131b5a67c5eb87cbf8f7ac5b9f87764ea1b1e1e/findspark-1.3.0-py2.py3-none-any.whl
Requirement already satisfied: six>=1.5 in ./.tox/lint/lib/python3.6/site-packages (from python-dateutil>=2.1->matplotlib>=2.2.3->pybda==0.0.3) (1.12.0)
Requirement already satisfied: setuptools in ./.tox/lint/lib/python3.6/site-packages (from kiwisolver>=1.0.1->matplotlib>=2.2.3->pybda==0.0.3) (40.8.0)
Collecting gitdb2>=2.0.0 (from gitpython->snakemake>=5.2.2->pybda==0.0.3)
  Using cached https://files.pythonhosted.org/packages/da/30/a407568aa8d8f25db817cf50121a958722f3fc5f87e3a6fba1f40c0633e3/gitdb2-2.0.5-py2.py3-none-any.whl
Collecting certifi>=2017.4.17 (from requests->snakemake>=5.2.2->pybda==0.0.3)
  Using cached https://files.pythonhosted.org/packages/9f/e0/accfc1b56b57e9750eba272e24c4dddeac86852c2bebd1236674d7887e8a/certifi-2018.11.29-py2.py3-none-any.whl
Collecting urllib3<1.25,>=1.21.1 (from requests->snakemake>=5.2.2->pybda==0.0.3)
  Using cached https://files.pythonhosted.org/packages/62/00/ee1d7de624db8ba7090d1226aebefab96a2c71cd5cfa7629d6ad3f61b79e/urllib3-1.24.1-py2.py3-none-any.whl
Collecting idna<2.9,>=2.5 (from requests->snakemake>=5.2.2->pybda==0.0.3)
  Using cached https://files.pythonhosted.org/packages/14/2c/cd551d81dbe15200be1cf41cd03869a46fe7226e7450af7a6545bfc474c9/idna-2.8-py2.py3-none-any.whl
Collecting chardet<3.1.0,>=3.0.2 (from requests->snakemake>=5.2.2->pybda==0.0.3)
  Using cached https://files.pythonhosted.org/packages/bc/a9/01ffebfb562e4274b6487b4bb1ddec7ca55ec7510b22e4c51f14098443b8/chardet-3.0.4-py2.py3-none-any.whl
Collecting smmap2>=2.0.0 (from gitdb2>=2.0.0->gitpython->snakemake>=5.2.2->pybda==0.0.3)
  Using cached https://files.pythonhosted.org/packages/55/d2/866d45e3a121ee15a1dc013824d58072fd5c7799c9c34d01378eb262ca8f/smmap2-2.0.5-py2.py3-none-any.whl
Building wheels for collected packages: pybda
  Building wheel for pybda (setup.py): started
  Building wheel for pybda (setup.py): finished with status 'done'
  Stored in directory: /home/simon/.cache/pip/wheels/fe/b7/42/88feeeee28b04700124806674f8be4dfc14f1673104d936b60
Successfully built pybda
Installing collected packages: click, numpy, scipy, python-dateutil, kiwisolver, pyparsing, cycler, matplotlib, pytz, pandas, joypy, py4j, pyspark, seaborn, pyyaml, configargparse, appdirs, datrie, smmap2, gitdb2, gitpython, ratelimiter, certifi, urllib3, idna, chardet, requests, jsonschema, docutils, snakemake, findspark, sparkhpc, uuid, pybda
  Found existing installation: pybda 0.0.3
    Not uninstalling pybda at /home/simon/PROJECTS/pybda, outside environment /home/simon/PROJECTS/pybda/.tox/lint
    Can't uninstall 'pybda'. No files were found to uninstall.
Successfully installed appdirs-1.4.3 certifi-2018.11.29 chardet-3.0.4 click-7.0 configargparse-0.14.0 cycler-0.10.0 datrie-0.7.1 docutils-0.14 findspark-1.3.0 gitdb2-2.0.5 gitpython-2.1.11 idna-2.8 joypy-0.1.10 jsonschema-2.6.0 kiwisolver-1.0.1 matplotlib-3.0.2 numpy-1.16.1 pandas-0.24.1 py4j-0.10.7 pybda-0.0.3 pyparsing-2.3.1 pyspark-2.4.0 python-dateutil-2.8.0 pytz-2018.9 pyyaml-3.13 ratelimiter-1.2.0.post0 requests-2.21.0 scipy-1.2.1 seaborn-0.9.0 smmap2-2.0.5 snakemake-5.4.2 sparkhpc-0.3.post4 urllib3-1.24.1 uuid-1.30
