Building DAG of jobs...
Using shell: /bin/bash
Provided cores: 1
Rules claiming more threads will be scaled down.
Job counts:
	count	jobs
	1	factor_analysis
	1	lda
	1	pca
	3

[Fri Aug  9 15:02:35 2019]
rule pca:
    input: iris.tsv
    output: results/2019_08_09/pca_from_iris.tsv, results/2019_08_09/pca_from_iris-loadings.tsv, results/2019_08_09/pca_from_iris-plot
    jobid: 0

[Fri Aug  9 15:03:14 2019]
Finished job 0.
1 of 3 steps (33%) done

[Fri Aug  9 15:03:14 2019]
rule factor_analysis:
    input: iris.tsv
    output: results/2019_08_09/factor_analysis_from_iris.tsv, results/2019_08_09/factor_analysis_from_iris-loadings.tsv, results/2019_08_09/factor_analysis_from_iris-loglik.tsv, results/2019_08_09/factor_analysis_from_iris-plot
    jobid: 1

[Fri Aug  9 15:04:04 2019]
Finished job 1.
2 of 3 steps (67%) done

[Fri Aug  9 15:04:04 2019]
rule lda:
    input: iris.tsv
    output: results/2019_08_09/lda_from_iris.tsv, results/2019_08_09/lda_from_iris-projection.tsv, results/2019_08_09/lda_from_iris-plot
    jobid: 2

Shutting down, this might take some time.
Exiting because a job execution failed. Look above for error message
Complete log: /home/simon/PROJECTS/pybda/data/.snakemake/log/2019-08-09T150235.652550.snakemake.log
