Building DAG of jobs...
Using shell: /bin/bash
Provided cores: 1
Rules claiming more threads will be scaled down.
Job counts:
	count	jobs
	1	factor_analysis
	1	kmeans
	2

[Fri Mar 29 14:34:22 2019]
rule factor_analysis:
    input: single_cell_imaging_data.tsv
    output: results/factor_analysis.tsv, results/factor_analysis-loadings.tsv, results/factor_analysis-loglik.tsv, results/factor_analysis-plot
    jobid: 1

[Fri Mar 29 14:35:54 2019]
Finished job 1.
1 of 2 steps (50%) done

[Fri Mar 29 14:35:54 2019]
rule kmeans:
    input: results/factor_analysis.tsv
    output: results/kmeans, results/kmeans-profile.png, results/kmeans-profile.pdf, results/kmeans-profile.eps, results/kmeans-profile.svg, results/kmeans-profile.tsv, results/kmeans-transformed-K50-clusters, results/kmeans-transformed-K100-clusters, results/kmeans-transformed-K110-clusters, results/kmeans-transformed-K120-clusters, results/kmeans-transformed-K130-clusters, results/kmeans-transformed-K140-clusters, results/kmeans-transformed-K150-clusters, results/kmeans-transformed-K160-clusters, results/kmeans-transformed-K170-clusters, results/kmeans-transformed-K180-clusters, results/kmeans-transformed-K190-clusters, results/kmeans-transformed-K200-clusters
    jobid: 0

[Fri Mar 29 14:37:29 2019]
Finished job 0.
2 of 2 steps (100%) done
Complete log: /home/simon/PROJECTS/pybda/data/.snakemake/log/2019-03-29T143422.384355.snakemake.log
