Building DAG of jobs...
Using shell: /bin/bash
Provided cores: 1
Rules claiming more threads will be scaled down.
Job counts:
	count	jobs
	1	factor_analysis
	1	kmeans
	2

[Thu Aug  8 19:00:19 2019]
rule factor_analysis:
    input: iris.tsv
    output: results/2019_08_08/factor_analysis_from_iris.tsv, results/2019_08_08/factor_analysis_from_iris-loadings.tsv, results/2019_08_08/factor_analysis_from_iris-loglik.tsv, results/2019_08_08/factor_analysis_from_iris-plot
    jobid: 1

[Thu Aug  8 19:01:12 2019]
Finished job 1.
1 of 2 steps (50%) done

[Thu Aug  8 19:01:12 2019]
rule kmeans:
    input: results/2019_08_08/factor_analysis_from_iris.tsv
    output: results/2019_08_08/kmeans_from_factor_analysis_from_iris, results/2019_08_08/kmeans_from_factor_analysis_from_iris-profile.png, results/2019_08_08/kmeans_from_factor_analysis_from_iris-profile.pdf, results/2019_08_08/kmeans_from_factor_analysis_from_iris-profile.eps, results/2019_08_08/kmeans_from_factor_analysis_from_iris-profile.svg, results/2019_08_08/kmeans_from_factor_analysis_from_iris-profile.tsv, results/2019_08_08/kmeans_from_factor_analysis_from_iris-transformed-K2-clusters, results/2019_08_08/kmeans_from_factor_analysis_from_iris-transformed-K3-clusters, results/2019_08_08/kmeans_from_factor_analysis_from_iris-transformed-K5-clusters
    jobid: 0

[Thu Aug  8 19:01:38 2019]
Finished job 0.
2 of 2 steps (100%) done
Complete log: /home/simon/PROJECTS/pybda/data/.snakemake/log/2019-08-08T190019.427748.snakemake.log
