[2019-08-15 20:45:49,587 - INFO - pybda.spark_session]: Initializing pyspark session
[2019-08-15 20:45:50,572 - INFO - pybda.spark_session]: Config: spark.master, value: local
[2019-08-15 20:45:50,572 - INFO - pybda.spark_session]: Config: spark.driver.memory, value: 1G
[2019-08-15 20:45:50,572 - INFO - pybda.spark_session]: Config: spark.driver.port, value: 46471
[2019-08-15 20:45:50,572 - INFO - pybda.spark_session]: Config: spark.rdd.compress, value: True
[2019-08-15 20:45:50,572 - INFO - pybda.spark_session]: Config: spark.serializer.objectStreamReset, value: 100
[2019-08-15 20:45:50,572 - INFO - pybda.spark_session]: Config: spark.driver.host, value: 192.168.1.33
[2019-08-15 20:45:50,572 - INFO - pybda.spark_session]: Config: spark.executor.id, value: driver
[2019-08-15 20:45:50,572 - INFO - pybda.spark_session]: Config: spark.app.name, value: forest.py
[2019-08-15 20:45:50,572 - INFO - pybda.spark_session]: Config: spark.submit.deployMode, value: client
[2019-08-15 20:45:50,572 - INFO - pybda.spark_session]: Config: spark.app.id, value: local-1565894750196
[2019-08-15 20:45:50,572 - INFO - pybda.spark_session]: Openened spark context at: Thu Aug 15 20:45:50 2019
[2019-08-15 20:45:50,581 - INFO - pybda.io.io]: Reading tsv: single_cell_imaging_data.tsv
[2019-08-15 20:45:53,812 - INFO - pybda.spark.features]: Casting columns to double.
[2019-08-15 20:45:54,521 - INFO - pybda.spark.features]: Assembling column to feature vector
[2019-08-15 20:45:54,644 - INFO - pybda.spark.features]: Dropping redundant columns
[2019-08-15 20:45:54,654 - INFO - pybda.ensemble]: Fitting forest with family='binomial'
[2019-08-15 20:45:56,695 - INFO - pybda.decorators]: function: '_balance' took: 2.0412 sec
[2019-08-15 20:46:06,690 - INFO - pybda.decorators]: function: '_fit' took: 12.0353 sec
[2019-08-15 20:46:15,376 - INFO - pybda.fit.ensemble_fit]: Writing regression statistics
[2019-08-15 20:46:15,377 - INFO - pybda.spark_session]: Stopping Spark context
[2019-08-15 20:46:15,377 - INFO - pybda.spark_session]: Closed spark context at: Thu Aug 15 20:46:15 2019
[2019-08-15 20:46:15,377 - INFO - pybda.spark_session]: Computation took: 24
