[2019-08-15 20:35:03,221 - INFO - pybda.spark_session]: Initializing pyspark session
[2019-08-15 20:35:04,721 - INFO - pybda.spark_session]: Config: spark.master, value: local
[2019-08-15 20:35:04,721 - INFO - pybda.spark_session]: Config: spark.driver.memory, value: 1G
[2019-08-15 20:35:04,721 - INFO - pybda.spark_session]: Config: spark.driver.port, value: 41577
[2019-08-15 20:35:04,721 - INFO - pybda.spark_session]: Config: spark.rdd.compress, value: True
[2019-08-15 20:35:04,721 - INFO - pybda.spark_session]: Config: spark.serializer.objectStreamReset, value: 100
[2019-08-15 20:35:04,721 - INFO - pybda.spark_session]: Config: spark.driver.host, value: 192.168.1.33
[2019-08-15 20:35:04,721 - INFO - pybda.spark_session]: Config: spark.executor.id, value: driver
[2019-08-15 20:35:04,721 - INFO - pybda.spark_session]: Config: spark.submit.deployMode, value: client
[2019-08-15 20:35:04,721 - INFO - pybda.spark_session]: Config: spark.app.name, value: pca.py
[2019-08-15 20:35:04,721 - INFO - pybda.spark_session]: Config: spark.app.id, value: local-1565894104093
[2019-08-15 20:35:04,721 - INFO - pybda.spark_session]: Openened spark context at: Thu Aug 15 20:35:04 2019
[2019-08-15 20:35:04,730 - INFO - pybda.io.io]: Reading tsv: single_cell_imaging_data.tsv
[2019-08-15 20:35:08,930 - INFO - pybda.spark.features]: Casting columns to double.
[2019-08-15 20:35:09,828 - INFO - __main__]: Fitting PCA
[2019-08-15 20:35:10,503 - INFO - pybda.decorators]: function: '_feature_matrix' took: 0.6745 sec
[2019-08-15 20:35:10,503 - INFO - pybda.stats.stats]: Scaling data
[2019-08-15 20:35:10,503 - INFO - pybda.stats.stats]: Computing data statistics
[2019-08-15 20:35:12,821 - INFO - pybda.decorators]: function: '_preprocess_data' took: 2.9926 sec
[2019-08-15 20:35:12,821 - INFO - pybda.stats.linalg]: Computing SVD
[2019-08-15 20:35:14,805 - INFO - pybda.decorators]: function: '_compute_pcs' took: 1.9837 sec
[2019-08-15 20:35:14,805 - INFO - pybda.decorators]: function: '_fit' took: 4.9767 sec
[2019-08-15 20:35:14,805 - INFO - __main__]: Transforming data
[2019-08-15 20:35:15,560 - INFO - pybda.fit.pca_transform]: Writing transform
[2019-08-15 20:35:15,560 - INFO - pybda.fit.dimension_reduction_fit]: Writing loadings to file
[2019-08-15 20:35:15,567 - INFO - pybda.fit.pca_fit]: Plotting
[2019-08-15 20:35:26,643 - INFO - pybda.spark.features]: Splitting vector columns: features
[2019-08-15 20:35:28,480 - INFO - pybda.io.io]: Writing tsv: results/2019_08_15/pca_from_single_cell_imaging_data
[2019-08-15 20:35:31,697 - INFO - pybda.fit.pca_transform]: Plotting
[2019-08-15 20:35:32,886 - INFO - pybda.decorators]: function: 'sample' took: 1.1884 sec
[2019-08-15 20:35:32,887 - INFO - pybda.spark.features]: Splitting vector columns: features
[2019-08-15 20:36:08,393 - INFO - pybda.spark_session]: Stopping Spark context
[2019-08-15 20:36:08,393 - INFO - pybda.spark_session]: Closed spark context at: Thu Aug 15 20:36:08 2019
[2019-08-15 20:36:08,393 - INFO - pybda.spark_session]: Computation took: 63
