Building DAG of jobs...
Using shell: /bin/bash
Provided cores: 1
Rules claiming more threads will be scaled down.
Job counts:
	count	jobs
	1	all
	1	clustering_fit
	1	clustering_transform
	1	fa
	1	fa_sample
	1	fa_sample_plot
	1	outliers
	7

rule fa:
    input: data/single_cell_samples.tsv
    output: data/fa.log
    jobid: 1

Finished job 1.
1 of 7 steps (14%) done

rule outliers:
    input: data/fa.log
    output: data/outlier-removal.log
    jobid: 4

Finished job 4.
2 of 7 steps (29%) done

rule fa_sample:
    input: data/fa.log
    output: data/fa-sample.log
    jobid: 3

Finished job 3.
3 of 7 steps (43%) done

rule clustering_fit:
    input: data/outlier-removal.log
    output: data/kmeans-fit.log
    jobid: 5

Finished job 5.
4 of 7 steps (57%) done

rule fa_sample_plot:
    input: data/fa-sample.log
    output: data/fa-sample-distribution.log
    jobid: 6

Finished job 6.
5 of 7 steps (71%) done

rule clustering_transform:
    input: data/kmeans-fit.log
    output: data/kmeans-transform.log, data/kmeans-plot.log
    jobid: 2

Finished job 2.
6 of 7 steps (86%) done

localrule all:
    input: data/fa.log, data/fa-sample.log, data/fa-sample-distribution.log, data/outlier-removal.log, data/kmeans-fit.log, data/kmeans-plot.log, data/kmeans-transform.log
    jobid: 0

Finished job 0.
7 of 7 steps (100%) done
Complete log: /Users/simondi/PROJECTS/target_infect_x_project/src/tix-analysis/.snakemake/log/2018-05-12T231738.620271.snakemake.log
