Building DAG of jobs...
Using shell: /bin/bash
Provided cores: 1
Rules claiming more threads will be scaled down.
Job counts:
	count	jobs
	1	all
	1	clustering_fit
	1	clustering_transform
	1	outliers
	4

rule outliers:
    input: data/fa
    output: data/outlier-removal.log, data/outlier-removal
    jobid: 6

Finished job 6.
1 of 4 steps (25%) done

rule clustering_fit:
    input: data/outlier-removal.log
    output: data/kmeans-fit.log
    jobid: 3

Finished job 3.
2 of 4 steps (50%) done

rule clustering_transform:
    input: data/kmeans-fit.log
    output: data/kmeans-transform.log, data/kmeans-plot.log
    jobid: 4

Finished job 4.
3 of 4 steps (75%) done

localrule all:
    input: data/fa, data/fa.log, data/fa_likelihood.tsv, data/fa_factors.tsv, data/fa-likelihood_path.png, data/fa-factors-variance_explained.png, data/fa-factors-biplot.png, data/fa-sample.tsv, data/fa-sample.log, data/fa-sample-feature_distributions, data/outlier-removal.log, data/outlier-removal, data/kmeans-fit.log, data/kmeans-plot.log, data/kmeans-transform.log
    jobid: 0

Finished job 0.
4 of 4 steps (100%) done
Complete log: /Users/simondi/PROJECTS/target_infect_x_project/src/tix-analysis/.snakemake/log/2018-05-13T142332.346448.snakemake.log
