Building DAG of jobs...
Using shell: /bin/bash
Provided cores: 1
Rules claiming more threads will be scaled down.
Job counts:
	count	jobs
	1	all
	1	fa_plot
	1	fa_sample_plot
	3

rule fa_sample_plot:
    input: data/fa-sample.tsv
    output: data/fa-sample-feature_distributions
    jobid: 6

Terminating processes on user request, this might take some time.
Error in rule fa_sample_plot:
    jobid: 6
    output: data/fa-sample-feature_distributions

RuleException:
CalledProcessError in line 77 of /Users/simondi/PROJECTS/target_infect_x_project/src/tix-analysis/biospark.snake:
Command ' set -euo pipefail;  2-dimension_reduction/2b-plot_feature_distribution.R data/fa-sample.tsv ' returned non-zero exit status 1.
  File "/Users/simondi/PROJECTS/target_infect_x_project/src/tix-analysis/biospark.snake", line 77, in __rule_fa_sample_plot
  File "/Users/simondi/anaconda3/envs/py36/lib/python3.6/concurrent/futures/thread.py", line 56, in run
Removing output files of failed job fa_sample_plot since they might be corrupted:
data/fa-sample-feature_distributions
[Errno 66] Directory not empty: 'data/fa-sample-feature_distributions'
Complete log: /Users/simondi/PROJECTS/target_infect_x_project/src/tix-analysis/.snakemake/log/2018-05-13T133510.644302.snakemake.log
