Building DAG of jobs...
Using shell: /bin/bash
Provided cores: 1
Rules claiming more threads will be scaled down.
Job counts:
	count	jobs
	1	all
	1	fa_sample
	1	fa_sample_plot
	3

rule fa_sample:
    input: data/fa
    output: data/fa-sample.log, data/fa-sample.tsv
    jobid: 7

Finished job 7.
1 of 3 steps (33%) done

rule fa_sample_plot:
    input: data/fa-sample.tsv
    output: data/fa-sample-feature_distributions
    jobid: 2

[Errno 66] Directory not empty: 'data/fa-sample-feature_distributions'
Finished job 2.
2 of 3 steps (67%) done

localrule all:
    input: data/fa, data/fa.log, data/fa_likelihood.tsv, data/fa_factors.tsv, data/fa-likelihood_path.png, data/fa-factors-variance_explained.png, data/fa-factors-biplot.png, data/fa-sample.tsv, data/fa-sample.log, data/fa-sample-feature_distributions, data/outlier-removal.log, data/kmeans-fit.log, data/kmeans-plot.log, data/kmeans-transform.log
    jobid: 0

Finished job 0.
3 of 3 steps (100%) done
Complete log: /Users/simondi/PROJECTS/target_infect_x_project/src/tix-analysis/.snakemake/log/2018-05-13T134450.492187.snakemake.log
