Building DAG of jobs...
Using shell: /bin/bash
Provided cores: 1
Rules claiming more threads will be scaled down.
Job counts:
	count	jobs
	1	all
	1	fa_plot
	2

rule fa_plot:
    input: data/fa
    output: data/fa-likelihood_path.png, data/fa-factors-variance_explained.png, data/fa-factors-biplot.png
    jobid: 1

Finished job 1.
1 of 2 steps (50%) done

localrule all:
    input: data/fa, data/fa.log, data/fa_likelihood.tsv, data/fa_factors.tsv, data/fa-likelihood_path.png, data/fa-factors-variance_explained.png, data/fa-factors-biplot.png, data/fa-sample.tsv, data/fa-sample.log, data/fa-sample-feature_distributions, data/fa-sample-distribution.log, data/outlier-removal.log, data/kmeans-fit.log, data/kmeans-plot.log, data/kmeans-transform.log
    jobid: 0

Finished job 0.
2 of 2 steps (100%) done
Complete log: /Users/simondi/PROJECTS/target_infect_x_project/src/tix-analysis/.snakemake/log/2018-05-13T133918.403257.snakemake.log
