Building DAG of jobs...
Using shell: /bin/bash
Provided cores: 1
Rules claiming more threads will be scaled down.
Job counts:
	count	jobs
	1	all
	1	clustering
	2

rule clustering:
    input: data/outlier-removal
    output: data/kmeans-[2, 3, 4]
    jobid: 2

Error in rule clustering:
    jobid: 2
    output: data/kmeans-[2, 3, 4]

RuleException:
CalledProcessError in line 31 of /Users/simondi/PROJECTS/target_infect_x_project/src/tix-analysis/Snakefile:
Command ' set -euo pipefail;  cat data/outlier-removal > data/kmeans-[2, 3, 4] ' returned non-zero exit status 1.
  File "/Users/simondi/PROJECTS/target_infect_x_project/src/tix-analysis/Snakefile", line 31, in __rule_clustering
  File "/Users/simondi/anaconda3/envs/py36/lib/python3.6/concurrent/futures/thread.py", line 56, in run
Shutting down, this might take some time.
Exiting because a job execution failed. Look above for error message
Complete log: /Users/simondi/PROJECTS/target_infect_x_project/src/tix-analysis/.snakemake/log/2018-05-11T021909.002316.snakemake.log
