Building DAG of jobs...
Using shell: /bin/bash
Provided cores: 1
Rules claiming more threads will be scaled down.
Job counts:
	count	jobs
	1	all
	1	clustering_fit
	1	clustering_transform
	1	fa
	1	fa_sample_plot
	5

rule clustering_fit:
    input: data/outlier-removal.log
    output: data/kmeans-fit.log
    jobid: 1

Finished job 1.
1 of 5 steps (20%) done

rule fa:
    input: data/single_cell_samples.tsv
    output: data/fa
    jobid: 4

Finished job 4.
2 of 5 steps (40%) done

rule fa_sample_plot:
    input: data/fa-sample.log
    output: data/fa-sample-distribution.log
    jobid: 3

Finished job 3.
3 of 5 steps (60%) done

rule clustering_transform:
    input: data/kmeans-fit.log
    output: data/kmeans-transform.log, data/kmeans-plot.log
    jobid: 2

Finished job 2.
4 of 5 steps (80%) done

localrule all:
    input: data/fa, data/fa-sample.log, data/fa-sample-distribution.log, data/outlier-removal.log, data/kmeans-fit.log, data/kmeans-plot.log, data/kmeans-transform.log
    jobid: 0

Finished job 0.
5 of 5 steps (100%) done
Complete log: /Users/simondi/PROJECTS/target_infect_x_project/src/tix-analysis/.snakemake/log/2018-05-13T010525.312627.snakemake.log
