Building DAG of jobs...
Using shell: /bin/bash
Provided cores: 1
Rules claiming more threads will be scaled down.
Job counts:
	count	jobs
	1	all
	1	dimred
	1	outliers
	3

rule dimred:
    input: README.md
    output: data/dimension-reduction
    jobid: 2

Finished job 2.
1 of 3 steps (33%) done

rule outliers:
    input: data/dimension-reduction
    output: data/outlier-removal
    jobid: 1

Finished job 1.
2 of 3 steps (67%) done

localrule all:
    input: data/dimension-reduction, data/outlier-removal
    jobid: 0

Finished job 0.
3 of 3 steps (100%) done
Complete log: /Users/simondi/PROJECTS/target_infect_x_project/src/tix-analysis/.snakemake/log/2018-05-11T011714.478782.snakemake.log
