Building DAG of jobs...
Using shell: /bin/bash
Provided cores: 1
Rules claiming more threads will be scaled down.
Job counts:
	count	jobs
	1	all
	1	outliers
	2

rule outliers:
    input: data/A.bam
    output: data/B.bam
    jobid: 2

Finished job 2.
1 of 2 steps (50%) done

localrule all:
    input: data/A.bam, data/B.bam
    jobid: 0

Finished job 0.
2 of 2 steps (100%) done
Complete log: /Users/simondi/PROJECTS/target_infect_x_project/src/tix-analysis/.snakemake/log/2018-05-11T010758.109770.snakemake.log
