Building DAG of jobs...
Using shell: /bin/bash
Provided cores: 1
Rules claiming more threads will be scaled down.
Job counts:
	count	jobs
	1	all
	1	clustering
	2

rule clustering:
    input: data/outlier-removal
    output: data/kmeans-K2, data/kmeans-K5, data/kmeans-K10
    jobid: 1

Error in rule clustering:
    jobid: 1
    output: data/kmeans-K2, data/kmeans-K5, data/kmeans-K10

RuleException:
CalledProcessError in line 31 of /Users/simondi/PROJECTS/target_infect_x_project/src/tix-analysis/Snakefile:
Command ' set -euo pipefail;  cat data/outlier-removal > data/kmeans-K2 data/kmeans-K5 data/kmeans-K10 ' returned non-zero exit status 1.
  File "/Users/simondi/PROJECTS/target_infect_x_project/src/tix-analysis/Snakefile", line 31, in __rule_clustering
  File "/Users/simondi/anaconda3/envs/py36/lib/python3.6/concurrent/futures/thread.py", line 56, in run
Removing output files of failed job clustering since they might be corrupted:
data/kmeans-K2
Shutting down, this might take some time.
Exiting because a job execution failed. Look above for error message
Complete log: /Users/simondi/PROJECTS/target_infect_x_project/src/tix-analysis/.snakemake/log/2018-05-11T014727.930722.snakemake.log
