Building DAG of jobs...
Using shell: /bin/bash
Provided cores: 1
Rules claiming more threads will be scaled down.
Job counts:
	count	jobs
	1	ica
	1	kmeans
	2

[Fri Aug  9 00:37:42 2019]
rule ica:
    input: data/single_cell_imaging_data.tsv
    output: data/results/2019_08_09/ica_from_single_cell_imaging_data.tsv, data/results/2019_08_09/ica_from_single_cell_imaging_data-loadings.tsv, data/results/2019_08_09/ica_from_single_cell_imaging_data-plot
    jobid: 1

[Fri Aug  9 00:42:50 2019]
Finished job 1.
1 of 2 steps (50%) done

[Fri Aug  9 00:42:50 2019]
rule kmeans:
    input: data/results/2019_08_09/ica_from_single_cell_imaging_data.tsv
    output: data/results/2019_08_09/kmeans_from_ica_from_single_cell_imaging_data, data/results/2019_08_09/kmeans_from_ica_from_single_cell_imaging_data-profile.png, data/results/2019_08_09/kmeans_from_ica_from_single_cell_imaging_data-profile.pdf, data/results/2019_08_09/kmeans_from_ica_from_single_cell_imaging_data-profile.eps, data/results/2019_08_09/kmeans_from_ica_from_single_cell_imaging_data-profile.svg, data/results/2019_08_09/kmeans_from_ica_from_single_cell_imaging_data-profile.tsv, data/results/2019_08_09/kmeans_from_ica_from_single_cell_imaging_data-transformed-K50-clusters, data/results/2019_08_09/kmeans_from_ica_from_single_cell_imaging_data-transformed-K100-clusters, data/results/2019_08_09/kmeans_from_ica_from_single_cell_imaging_data-transformed-K110-clusters, data/results/2019_08_09/kmeans_from_ica_from_single_cell_imaging_data-transformed-K120-clusters, data/results/2019_08_09/kmeans_from_ica_from_single_cell_imaging_data-transformed-K130-clusters, data/results/2019_08_09/kmeans_from_ica_from_single_cell_imaging_data-transformed-K140-clusters, data/results/2019_08_09/kmeans_from_ica_from_single_cell_imaging_data-transformed-K150-clusters, data/results/2019_08_09/kmeans_from_ica_from_single_cell_imaging_data-transformed-K160-clusters, data/results/2019_08_09/kmeans_from_ica_from_single_cell_imaging_data-transformed-K170-clusters, data/results/2019_08_09/kmeans_from_ica_from_single_cell_imaging_data-transformed-K180-clusters, data/results/2019_08_09/kmeans_from_ica_from_single_cell_imaging_data-transformed-K190-clusters, data/results/2019_08_09/kmeans_from_ica_from_single_cell_imaging_data-transformed-K200-clusters
    jobid: 0

[Fri Aug  9 00:44:21 2019]
Finished job 0.
2 of 2 steps (100%) done
Complete log: /home/simon/PROJECTS/pybda/.snakemake/log/2019-08-09T003742.080887.snakemake.log
