[INFO/MainProcess/__main__]: Starting Spark context
[INFO/MainProcess/__main__]: File is a dictionary. Assuming parquet file: data/outlier-removal
[INFO/MainProcess/__main__]: Reading parquet: data/outlier-removal
[INFO/MainProcess/__main__]: Fitting mixture with K: 2
[INFO/MainProcess/__main__]: Writing components to: data/gmm-fit-K2
[INFO/MainProcess/__main__]: Writing components size file to: data/gmm-fit-K2_cluster_sizes.tsv
[INFO/MainProcess/__main__]: Writing mixing weights to: data/gmm-fit-K2_mixing_weights.tsv
[INFO/MainProcess/__main__]: Writing parameter folder to: data/gmm-fit-K2_parameters
[INFO/MainProcess/__main__]: Writing parquet: data/gmm-fit-K2_parameters
[INFO/MainProcess/__main__]: Writing loglik to: data/gmm-fit-K2_loglik.tsv
[INFO/MainProcess/__main__]: Starting Spark context
[INFO/MainProcess/__main__]: File is a dictionary. Assuming parquet file: data/outlier-removal
[INFO/MainProcess/__main__]: Reading parquet: data/outlier-removal
[INFO/MainProcess/__main__]: Fitting mixture with K: 2
[INFO/MainProcess/__main__]: Writing components to: data/gmm-fit-K2
[INFO/MainProcess/__main__]: Writing components size file to: data/gmm-fit-K2_cluster_sizes.tsv
[INFO/MainProcess/__main__]: Writing mixing weights to: data/gmm-fit-K2_mixing_weights.tsv
[INFO/MainProcess/__main__]: Writing parameter folder to: data/gmm-fit-K2_parameters
[INFO/MainProcess/__main__]: Writing parquet: data/gmm-fit-K2_parameters
[INFO/MainProcess/__main__]: Writing loglik to: data/gmm-fit-K2_loglik.tsv
[INFO/MainProcess/__main__]: Starting Spark context
[INFO/MainProcess/__main__]: File is a dictionary. Assuming parquet file: data/outlier-removal
[INFO/MainProcess/__main__]: Reading parquet: data/outlier-removal
[INFO/MainProcess/__main__]: Fitting mixture with K: 2
[INFO/MainProcess/__main__]: Writing components to: data/gmm-fit-K2
[INFO/MainProcess/__main__]: Writing components size file to: data/gmm-fit-K2_cluster_sizes.tsv
[INFO/MainProcess/__main__]: Writing mixing weights to: data/gmm-fit-K2_mixing_weights.tsv
[INFO/MainProcess/__main__]: Writing parameter folder to: data/gmm-fit-K2_parameters
[INFO/MainProcess/__main__]: Writing parquet: data/gmm-fit-K2_parameters
[INFO/MainProcess/__main__]: Writing loglik to: data/gmm-fit-K2_loglik.tsv
[INFO/MainProcess/__main__]: Stopping Spark context
