[2019-02-10 00:04:30,563 - INFO - koios.spark_session]: Initializing pyspark session
[2019-02-10 00:04:31,853 - INFO - koios.spark_session]: Config: spark.driver.memory, value: 3G
[2019-02-10 00:04:31,853 - INFO - koios.spark_session]: Config: spark.master, value: local
[2019-02-10 00:04:31,853 - INFO - koios.spark_session]: Config: spark.app.id, value: local-1549753471350
[2019-02-10 00:04:31,853 - INFO - koios.spark_session]: Config: spark.rdd.compress, value: True
[2019-02-10 00:04:31,853 - INFO - koios.spark_session]: Config: spark.driver.port, value: 42673
[2019-02-10 00:04:31,853 - INFO - koios.spark_session]: Config: spark.serializer.objectStreamReset, value: 100
[2019-02-10 00:04:31,853 - INFO - koios.spark_session]: Config: spark.driver.host, value: 192.168.1.33
[2019-02-10 00:04:31,853 - INFO - koios.spark_session]: Config: spark.executor.id, value: driver
[2019-02-10 00:04:31,853 - INFO - koios.spark_session]: Config: spark.submit.deployMode, value: client
[2019-02-10 00:04:31,853 - INFO - koios.spark_session]: Config: spark.app.name, value: ica.py
[2019-02-10 00:04:31,866 - INFO - koios.io.io]: Reading tsv: data/iris.tsv
[2019-02-10 00:04:35,969 - INFO - koios.spark.features]: Casting columns to double.
[2019-02-10 00:04:36,204 - INFO - __main__]: Running LDA ...
[2019-02-10 00:04:36,204 - INFO - __main__]: Fitting ICA
[2019-02-10 00:04:36,429 - INFO - koios.stats.stats]: Centering data
[2019-02-10 00:04:36,429 - INFO - koios.stats.stats]: Computing data statistics
[2019-02-10 00:04:37,359 - INFO - koios.stats.linalg]: Computing SVD
[2019-02-10 00:04:38,355 - INFO - koios.stats.stats]: Computing column means
[2019-02-10 00:04:39,784 - INFO - koios.stats.stats]: Computing column means
[2019-02-10 00:04:52,653 - INFO - koios.stats.stats]: Computing column means
[2019-02-10 00:04:53,362 - INFO - koios.stats.stats]: Computing column means
[2019-02-10 00:05:04,919 - INFO - koios.stats.stats]: Computing column means
[2019-02-10 00:05:05,575 - INFO - koios.stats.stats]: Computing column means
[2019-02-10 00:05:16,852 - INFO - koios.stats.stats]: Computing column means
[2019-02-10 00:05:17,442 - INFO - koios.stats.stats]: Computing column means
[2019-02-10 00:05:28,567 - INFO - __main__]: Transforming data
[2019-02-10 00:05:28,706 - INFO - koios.spark.features]: Splitting vector columns: features
[2019-02-10 00:05:29,280 - INFO - koios.io.io]: Writing tsv: data/ica
[2019-02-10 00:05:30,542 - INFO - koios.fit.dimension_reduction_fit]: Writing loadings to file
[2019-02-10 00:05:30,544 - INFO - koios.fit.ica_fit]: Plotting
[2019-02-10 00:05:30,844 - INFO - koios.spark.features]: Splitting vector columns: features
