[INFO/MainProcess/__main__]: Starting Spark context
[INFO/MainProcess/__main__]: Finding optimal K for transformation...
[INFO/MainProcess/__main__]: File is a dictionary. Assuming parquet file: data/outlier-removal
[INFO/MainProcess/__main__]: Reading parquet: data/outlier-removal
[INFO/MainProcess/__main__]: 	computing fit statistics using BIC
[ERROR/MainProcess/__main__]: 	could not load model data/kmeans-fit-K2, due to: 'NoneType' object has no attribute 'group'
[ERROR/MainProcess/__main__]: 	could not load model data/kmeans-fit-K5, due to: 'NoneType' object has no attribute 'group'
[INFO/MainProcess/__main__]: Starting Spark context
[INFO/MainProcess/__main__]: Finding optimal K for transformation...
[INFO/MainProcess/__main__]: File is a dictionary. Assuming parquet file: data/outlier-removal
[INFO/MainProcess/__main__]: Reading parquet: data/outlier-removal
[INFO/MainProcess/__main__]: 	computing fit statistics using BIC
[ERROR/MainProcess/__main__]: 	could not load model data/kmeans-fit-K2, due to: 'NoneType' object has no attribute 'group'
[ERROR/MainProcess/__main__]: 	could not load model data/kmeans-fit-K5, due to: 'NoneType' object has no attribute 'group'
[INFO/MainProcess/__main__]: Plotting cluster BICs to: data/kmeans-transformed-bic
[INFO/MainProcess/__main__]: 	saving bic tsv to: data/kmeans-transformed-bic.tsv
[ERROR/MainProcess/__main__]: Some travis error
[INFO/MainProcess/__main__]: Stopping Spark context
[INFO/MainProcess/__main__]: Starting Spark context
[INFO/MainProcess/__main__]: Finding optimal K for transformation...
[INFO/MainProcess/__main__]: File is a dictionary. Assuming parquet file: data/outlier-removal
[INFO/MainProcess/__main__]: Reading parquet: data/outlier-removal
[INFO/MainProcess/__main__]: 	computing fit statistics using BIC
[ERROR/MainProcess/__main__]: 	could not load model data/kmeans-fit-K2, due to: 'NoneType' object has no attribute 'group'
[ERROR/MainProcess/__main__]: 	could not load model data/kmeans-fit-K5, due to: 'NoneType' object has no attribute 'group'
[INFO/MainProcess/__main__]: Plotting cluster BICs to: data/kmeans-transformed-bic
[INFO/MainProcess/__main__]: 	saving bic tsv to: data/kmeans-transformed-bic.tsv
[ERROR/MainProcess/__main__]: Some travis error
[INFO/MainProcess/__main__]: Stopping Spark context
[INFO/MainProcess/__main__]: Starting Spark context
[INFO/MainProcess/__main__]: Finding optimal K for transformation...
[INFO/MainProcess/__main__]: File is a dictionary. Assuming parquet file: data/outlier-removal
[INFO/MainProcess/__main__]: Reading parquet: data/outlier-removal
[INFO/MainProcess/__main__]: 	computing fit statistics using BIC
[INFO/MainProcess/__main__]: 	loading model for K=2
[INFO/MainProcess/__main__]: 	loading model for K=5
[INFO/MainProcess/__main__]: Plotting cluster BICs to: data/kmeans-transformed-bic
[INFO/MainProcess/__main__]: 	saving bic tsv to: data/kmeans-transformed-bic.tsv
[ERROR/MainProcess/__main__]: Some travis error
[INFO/MainProcess/__main__]: Stopping Spark context
[INFO/MainProcess/__main__]: Starting Spark context
[INFO/MainProcess/__main__]: Finding optimal K for transformation...
[INFO/MainProcess/__main__]: File is a dictionary. Assuming parquet file: data/outlier-removal
[INFO/MainProcess/__main__]: Reading parquet: data/outlier-removal
[INFO/MainProcess/__main__]: 	computing fit statistics using BIC
[INFO/MainProcess/__main__]: 	loading model for K=2
[INFO/MainProcess/__main__]: 	loading model for K=5
[INFO/MainProcess/__main__]: Writing cluster BICs to: data/kmeans-transformed-bic
[INFO/MainProcess/__main__]: 	saving bic tsv to: data/kmeans-transformed-bic.tsv
[ERROR/MainProcess/__main__]: Some error: plot() missing 1 required positional argument: 'file_name'
[INFO/MainProcess/__main__]: Stopping Spark context
[INFO/MainProcess/__main__]: Starting Spark context
[INFO/MainProcess/__main__]: Finding optimal K for transformation...
[INFO/MainProcess/__main__]: File is a dictionary. Assuming parquet file: data/outlier-removal
[INFO/MainProcess/__main__]: Reading parquet: data/outlier-removal
[INFO/MainProcess/__main__]: 	computing fit statistics using BIC
[INFO/MainProcess/__main__]: 	loading model for K=2
[INFO/MainProcess/__main__]: 	loading model for K=5
[INFO/MainProcess/__main__]: Writing cluster BICs to: data/kmeans-transformed-bic
[INFO/MainProcess/__main__]: 	saving bic tsv to: data/kmeans-transformed-bic.tsv
[ERROR/MainProcess/__main__]: Some error: name 'statistics_file' is not defined
[INFO/MainProcess/__main__]: Stopping Spark context
[INFO/MainProcess/__main__]: Starting Spark context
[INFO/MainProcess/__main__]: Finding optimal K for transformation...
[INFO/MainProcess/__main__]: File is a dictionary. Assuming parquet file: data/outlier-removal
[INFO/MainProcess/__main__]: Reading parquet: data/outlier-removal
[INFO/MainProcess/__main__]: 	computing fit statistics using BIC
[INFO/MainProcess/__main__]: 	loading model for K=2
[INFO/MainProcess/__main__]: 	loading model for K=5
[INFO/MainProcess/__main__]: Writing cluster BICs to: data/kmeans-transformed-bic
[INFO/MainProcess/__main__]: 	saving bic tsv to: data/kmeans-transformed-bic.tsv
[INFO/MainProcess/__main__]: \plotting bic curve to: data/kmeans-transformed-bic.eps
[ERROR/MainProcess/__main__]: Some error: invalid index to scalar variable.
[INFO/MainProcess/__main__]: Stopping Spark context
[INFO/MainProcess/__main__]: Starting Spark context
[INFO/MainProcess/__main__]: Finding optimal K for transformation...
[INFO/MainProcess/__main__]: File is a dictionary. Assuming parquet file: data/outlier-removal
[INFO/MainProcess/__main__]: Reading parquet: data/outlier-removal
[INFO/MainProcess/__main__]: 	computing fit statistics using BIC
[INFO/MainProcess/__main__]: 	loading model for K=2
[INFO/MainProcess/__main__]: 	loading model for K=5
[INFO/MainProcess/__main__]: Writing cluster BICs to: data/kmeans-transformed-bic
[INFO/MainProcess/__main__]: 	saving bic tsv to: data/kmeans-transformed-bic.tsv
[INFO/MainProcess/__main__]: 	plotting bic curve to: data/kmeans-transformed-bic.eps
[INFO/MainProcess/__main__]: 	saving plot to: data/kmeans-transformed-bic.eps
[INFO/MainProcess/__main__]: Stopping Spark context
[INFO/MainProcess/__main__]: Starting Spark context
[INFO/MainProcess/__main__]: Finding optimal K for transformation...
[INFO/MainProcess/__main__]: File is a dictionary. Assuming parquet file: data/outlier-removal
[INFO/MainProcess/__main__]: Reading parquet: data/outlier-removal
[INFO/MainProcess/__main__]: 	computing fit statistics using BIC
[INFO/MainProcess/__main__]: 	loading model for K=2
[INFO/MainProcess/__main__]: 	loading model for K=5
[INFO/MainProcess/__main__]: Writing cluster BICs to: data/kmeans-transformed-bic
[INFO/MainProcess/__main__]: 	saving bic tsv to: data/kmeans-transformed-bic.tsv
[INFO/MainProcess/__main__]: 	plotting bic curve to: data/kmeans-transformed-bic.eps
[INFO/MainProcess/__main__]: 	saving plot to: data/kmeans-transformed-bic.eps
[INFO/MainProcess/__main__]: Stopping Spark context
[INFO/MainProcess/__main__]: Starting Spark context
[INFO/MainProcess/__main__]: Finding optimal K for transformation...
[INFO/MainProcess/__main__]: File is a dictionary. Assuming parquet file: data/outlier-removal
[INFO/MainProcess/__main__]: Reading parquet: data/outlier-removal
[INFO/MainProcess/__main__]: 	computing fit statistics using BIC
[INFO/MainProcess/__main__]: 	loading model for K=2
[INFO/MainProcess/__main__]: 	loading model for K=5
[INFO/MainProcess/__main__]: Writing cluster BICs to: data/kmeans-transformed-bic
[INFO/MainProcess/__main__]: 	saving bic tsv to: data/kmeans-transformed-bic.tsv
[INFO/MainProcess/__main__]: 	plotting bic curve to: data/kmeans-transformed-bic.eps
[INFO/MainProcess/__main__]: 	saving plot to: data/kmeans-transformed-bic.eps
[INFO/MainProcess/__main__]: Stopping Spark context
[INFO/MainProcess/__main__]: Starting Spark context
[INFO/MainProcess/__main__]: Finding optimal K for transformation...
[INFO/MainProcess/__main__]: File is a dictionary. Assuming parquet file: data/outlier-removal
[INFO/MainProcess/__main__]: Reading parquet: data/outlier-removal
[INFO/MainProcess/__main__]: 	computing fit statistics using BIC
[INFO/MainProcess/__main__]: 	loading model for K=2
[INFO/MainProcess/__main__]: 	loading model for K=5
[INFO/MainProcess/__main__]: Writing cluster BICs to: data/kmeans-transformed-bic
[INFO/MainProcess/__main__]: 	saving bic tsv to: data/kmeans-transformed-bic.tsv
[INFO/MainProcess/__main__]: 	plotting bic curve to: data/kmeans-transformed-bic.eps
[INFO/MainProcess/__main__]: 	saving plot to: data/kmeans-transformed-bic.eps
[INFO/MainProcess/__main__]: Stopping Spark context
[INFO/MainProcess/__main__]: Starting Spark context
[INFO/MainProcess/__main__]: Finding optimal K for transformation...
[INFO/MainProcess/__main__]: File is a dictionary. Assuming parquet file: data/outlier-removal
[INFO/MainProcess/__main__]: Reading parquet: data/outlier-removal
[INFO/MainProcess/__main__]: 	computing fit statistics using BIC
[INFO/MainProcess/__main__]: 	loading model for K=2
[INFO/MainProcess/__main__]: 	loading model for K=5
[INFO/MainProcess/__main__]: Writing cluster BICs to: data/kmeans-transformed-bic
[INFO/MainProcess/__main__]: 	saving bic tsv to: data/kmeans-transformed-bic.tsv
[INFO/MainProcess/__main__]: 	plotting bic curve to: data/kmeans-transformed-bic.eps
[INFO/MainProcess/__main__]: 	saving plot to: data/kmeans-transformed-bic.eps
[INFO/MainProcess/__main__]: Stopping Spark context
[INFO/MainProcess/__main__]: Starting Spark context
[INFO/MainProcess/__main__]: Starting Spark context
[INFO/MainProcess/__main__]: Finding optimal K for transformation...
[INFO/MainProcess/__main__]: File is a dictionary. Assuming parquet file: data/outlier-removal
[INFO/MainProcess/__main__]: Reading parquet: data/outlier-removal
[INFO/MainProcess/__main__]: 	computing fit statistics using BIC
[INFO/MainProcess/__main__]: 	loading model for K=2
[INFO/MainProcess/__main__]: 	loading model for K=5
[INFO/MainProcess/__main__]: Writing cluster BICs to: data/kmeans-transformed-bic
[INFO/MainProcess/__main__]: 	saving bic tsv to: data/kmeans-transformed-bic.tsv
[INFO/MainProcess/__main__]: 	plotting bic curve to: data/kmeans-transformed-bic.eps
[INFO/MainProcess/__main__]: 	saving plot to: data/kmeans-transformed-bic.eps
[INFO/MainProcess/__main__]: Stopping Spark context
[INFO/MainProcess/__main__]: Starting Spark context
[INFO/MainProcess/__main__]: Finding optimal K for transformation...
[INFO/MainProcess/__main__]: File is a dictionary. Assuming parquet file: data/outlier-removal
[INFO/MainProcess/__main__]: Reading parquet: data/outlier-removal
[INFO/MainProcess/__main__]: 	computing fit statistics using BIC
[INFO/MainProcess/__main__]: 	loading model for K=2
[INFO/MainProcess/__main__]: 	loading model for K=5
[INFO/MainProcess/__main__]: Writing cluster BICs to: data/kmeans-transformed-bic
[INFO/MainProcess/__main__]: 	saving bic tsv to: data/kmeans-transformed-bic.tsv
[INFO/MainProcess/__main__]: 	plotting bic curve to: data/kmeans-transformed-bic.eps
[ERROR/MainProcess/__main__]: Some error: name 'pylab' is not defined
[INFO/MainProcess/__main__]: Stopping Spark context
[INFO/MainProcess/__main__]: Starting Spark context
[INFO/MainProcess/__main__]: Finding optimal K for transformation...
[INFO/MainProcess/__main__]: File is a dictionary. Assuming parquet file: data/outlier-removal
[INFO/MainProcess/__main__]: Reading parquet: data/outlier-removal
[INFO/MainProcess/__main__]: 	computing fit statistics using BIC
[INFO/MainProcess/__main__]: 	loading model for K=2
[INFO/MainProcess/__main__]: 	loading model for K=5
[INFO/MainProcess/__main__]: Writing cluster BICs to: data/kmeans-transformed-bic
[INFO/MainProcess/__main__]: 	saving bic tsv to: data/kmeans-transformed-bic.tsv
[INFO/MainProcess/__main__]: 	plotting bic curve to: data/kmeans-transformed-bic.eps
[INFO/MainProcess/__main__]: 	saving plot to: data/kmeans-transformed-bic.eps
[INFO/MainProcess/__main__]: Stopping Spark context
[INFO/MainProcess/__main__]: Starting Spark context
[INFO/MainProcess/__main__]: Finding optimal K for transformation...
[INFO/MainProcess/__main__]: File is a dictionary. Assuming parquet file: data/outlier-removal
[INFO/MainProcess/__main__]: Reading parquet: data/outlier-removal
[INFO/MainProcess/__main__]: 	computing fit statistics using BIC
[INFO/MainProcess/__main__]: 	loading model for K=2
[INFO/MainProcess/__main__]: 	loading model for K=5
[INFO/MainProcess/__main__]: Writing cluster BICs to: data/kmeans-transformed-bic
[INFO/MainProcess/__main__]: 	saving bic tsv to: data/kmeans-transformed-bic.tsv
[INFO/MainProcess/__main__]: 	plotting bic curve to: data/kmeans-transformed-bic.eps
[INFO/MainProcess/__main__]: 	saving plot to: data/kmeans-transformed-bic.eps
[INFO/MainProcess/__main__]: Stopping Spark context
[INFO/MainProcess/__main__]: Starting Spark context
[INFO/MainProcess/__main__]: Finding optimal K for transformation...
[INFO/MainProcess/__main__]: File is a dictionary. Assuming parquet file: data/outlier-removal
[INFO/MainProcess/__main__]: Reading parquet: data/outlier-removal
[INFO/MainProcess/__main__]: 	computing fit statistics using BIC
[INFO/MainProcess/__main__]: 	loading model for K=2
[INFO/MainProcess/__main__]: 	loading model for K=5
[INFO/MainProcess/__main__]: Writing cluster BICs to: data/kmeans-transformed-bic
[INFO/MainProcess/__main__]: 	saving bic tsv to: data/kmeans-transformed-bic.tsv
[INFO/MainProcess/__main__]: 	plotting bic curve to: data/kmeans-transformed-bic.eps
[INFO/MainProcess/__main__]: 	saving plot to: data/kmeans-transformed-bic.eps
[INFO/MainProcess/__main__]: Stopping Spark context
[INFO/MainProcess/__main__]: Starting Spark context
[INFO/MainProcess/__main__]: Finding optimal K for transformation...
[INFO/MainProcess/__main__]: File is a dictionary. Assuming parquet file: data/outlier-removal
[INFO/MainProcess/__main__]: Reading parquet: data/outlier-removal
[INFO/MainProcess/__main__]: 	computing fit statistics using BIC
[INFO/MainProcess/__main__]: 	loading model for K=2
[INFO/MainProcess/__main__]: 	loading model for K=5
[INFO/MainProcess/__main__]: Writing cluster BICs to: data/kmeans-transformed-bic
[INFO/MainProcess/__main__]: 	saving bic tsv to: data/kmeans-transformed-bic.tsv
[ERROR/MainProcess/__main__]: Some error: Unknown property figsize
[INFO/MainProcess/__main__]: Stopping Spark context
[INFO/MainProcess/__main__]: Starting Spark context
[INFO/MainProcess/__main__]: Finding optimal K for transformation...
[INFO/MainProcess/__main__]: File is a dictionary. Assuming parquet file: data/outlier-removal
[INFO/MainProcess/__main__]: Reading parquet: data/outlier-removal
[INFO/MainProcess/__main__]: 	computing fit statistics using BIC
[INFO/MainProcess/__main__]: 	loading model for K=2
[INFO/MainProcess/__main__]: 	loading model for K=5
[INFO/MainProcess/__main__]: Writing cluster BICs to: data/kmeans-transformed-bic
[INFO/MainProcess/__main__]: 	saving bic tsv to: data/kmeans-transformed-bic.tsv
[ERROR/MainProcess/__main__]: Some error: Unknown property figsize
[INFO/MainProcess/__main__]: Stopping Spark context
[INFO/MainProcess/__main__]: Starting Spark context
[INFO/MainProcess/__main__]: Finding optimal K for transformation...
[INFO/MainProcess/__main__]: File is a dictionary. Assuming parquet file: data/outlier-removal
[INFO/MainProcess/__main__]: Reading parquet: data/outlier-removal
[INFO/MainProcess/__main__]: 	computing fit statistics using BIC
[INFO/MainProcess/__main__]: 	loading model for K=2
[INFO/MainProcess/__main__]: 	loading model for K=5
[INFO/MainProcess/__main__]: Writing cluster BICs to: data/kmeans-transformed-bic
[INFO/MainProcess/__main__]: 	saving bic tsv to: data/kmeans-transformed-bic.tsv
[ERROR/MainProcess/__main__]: Some error: Unknown property figsize
[INFO/MainProcess/__main__]: Stopping Spark context
[INFO/MainProcess/__main__]: Starting Spark context
[INFO/MainProcess/__main__]: Finding optimal K for transformation...
[INFO/MainProcess/__main__]: File is a dictionary. Assuming parquet file: data/outlier-removal
[INFO/MainProcess/__main__]: Reading parquet: data/outlier-removal
[INFO/MainProcess/__main__]: 	computing fit statistics using BIC
[INFO/MainProcess/__main__]: 	loading model for K=2
[INFO/MainProcess/__main__]: 	loading model for K=5
[INFO/MainProcess/__main__]: Writing cluster BICs to: data/kmeans-transformed-bic
[INFO/MainProcess/__main__]: 	saving bic tsv to: data/kmeans-transformed-bic.tsv
[INFO/MainProcess/__main__]: 	saving plot to: data/kmeans-transformed-bic
[INFO/MainProcess/__main__]: Stopping Spark context
[INFO/MainProcess/__main__]: Starting Spark context
[INFO/MainProcess/__main__]: Finding optimal K for transformation...
[INFO/MainProcess/__main__]: File is a dictionary. Assuming parquet file: data/outlier-removal
[INFO/MainProcess/__main__]: Reading parquet: data/outlier-removal
[INFO/MainProcess/__main__]: 	computing fit statistics using BIC
[INFO/MainProcess/__main__]: 	loading model for K=2
[INFO/MainProcess/__main__]: 	loading model for K=5
[INFO/MainProcess/__main__]: Writing cluster BICs to: data/kmeans-transformed-bic
[INFO/MainProcess/__main__]: 	saving bic tsv to: data/kmeans-transformed-bic.tsv
[INFO/MainProcess/__main__]: 	saving plot to: data/kmeans-transformed-bic.eps/svg/png
[INFO/MainProcess/__main__]: Stopping Spark context
[INFO/MainProcess/__main__]: Starting Spark context
[INFO/MainProcess/__main__]: Finding optimal K for transformation...
[INFO/MainProcess/__main__]: File is a dictionary. Assuming parquet file: data/outlier-removal
[INFO/MainProcess/__main__]: Reading parquet: data/outlier-removal
[INFO/MainProcess/__main__]: 	computing fit statistics using BIC
[INFO/MainProcess/__main__]: 	loading model for K=2
[INFO/MainProcess/__main__]: 	loading model for K=5
[INFO/MainProcess/__main__]: Writing cluster BICs to: data/kmeans-transformed-bic
[INFO/MainProcess/__main__]: 	saving bic tsv to: data/kmeans-transformed-bic.tsv
[INFO/MainProcess/__main__]: 	saving plot to: data/kmeans-transformed-bic.eps/svg/png
[INFO/MainProcess/__main__]: Stopping Spark context
