actionid: py36
msg: envreport
cmdargs: '/home/simon/PROJECTS/pybda/.tox/py36/bin/python -m pip freeze'

appdirs==1.4.3
certifi==2018.11.29
chardet==3.0.4
Click==7.0
ConfigArgParse==0.14.0
cycler==0.10.0
datrie==0.7.1
docutils==0.14
findspark==1.3.0
gitdb2==2.0.5
GitPython==2.1.11
idna==2.8
joypy==0.1.10
jsonschema==2.6.0
kiwisolver==1.0.1
matplotlib==3.0.2
numpy==1.16.1
pandas==0.24.1
py4j==0.10.7
pybda==0.0.3
pyparsing==2.3.1
pyspark==2.4.0
python-dateutil==2.8.0
pytz==2018.9
PyYAML==3.13
ratelimiter==1.2.0.post0
requests==2.21.0
scipy==1.2.1
seaborn==0.9.0
six==1.12.0
smmap2==2.0.5
snakemake==5.4.2
sparkhpc==0.3.post4
urllib3==1.24.1
uuid==1.30
wrapt==1.11.1
