actionid: docs
msg: envreport
cmdargs: '/home/simon/PROJECTS/pybda/.tox/docs/bin/python -m pip freeze'

alabaster==0.7.12
appdirs==1.4.3
Babel==2.6.0
certifi==2018.11.29
chardet==3.0.4
Click==7.0
ConfigArgParse==0.14.0
cycler==0.10.0
datrie==0.7.1
docutils==0.14
findspark==1.3.0
gitdb2==2.0.5
GitPython==2.1.11
idna==2.8
imagesize==1.1.0
Jinja2==2.10
joypy==0.1.10
jsonschema==2.6.0
kiwisolver==1.0.1
MarkupSafe==1.1.0
matplotlib==3.0.2
numpy==1.16.1
packaging==19.0
pandas==0.24.1
py4j==0.10.7
pybda==0.0.3
Pygments==2.3.1
pyparsing==2.3.1
pyspark==2.4.0
python-dateutil==2.8.0
pytz==2018.9
PyYAML==3.13
ratelimiter==1.2.0.post0
requests==2.21.0
scipy==1.2.1
seaborn==0.9.0
six==1.12.0
smmap2==2.0.5
snakemake==5.4.2
snowballstemmer==1.2.1
sparkhpc==0.3.post4
Sphinx==1.8.4
sphinx-fontawesome==0.0.6
sphinxcontrib-fulltoc==1.2.0
sphinxcontrib-websupport==1.1.0
urllib3==1.24.1
uuid==1.30
wrapt==1.11.1
